<?xml version="1.0" encoding="UTF-8"?>
<testng-results skipped="0" failed="2" ignored="0" total="6" passed="4">
  <reporter-output>
  </reporter-output>
  <suite name="Default suite" duration-ms="1857" started-at="2017-11-17T05:57:25Z" finished-at="2017-11-17T05:57:26Z">
    <groups>
    </groups>
    <test name="Default test" duration-ms="1857" started-at="2017-11-17T05:57:25Z" finished-at="2017-11-17T05:57:26Z">
      <class name="core.XSDValidationTest">
        <test-method status="PASS" signature="bm(java.lang.reflect.Method, [Ljava.lang.Object;)[pri:0, instance:core.XSDValidationTest@7c0e2abd]" test-instance-name="BAT-01.06 (XSD Validation Type # 3)" name="bm" is-config="true" duration-ms="10" started-at="2017-11-16T21:57:25Z" finished-at="2017-11-16T21:57:25Z">
          <params>
            <param index="0">
              <value>
                <![CDATA[public void core.XSDValidationTest.test(java.lang.String,java.lang.String,java.lang.String) throws org.xml.sax.SAXException,java.io.IOException]]>
              </value>
            </param>
            <param index="1">
              <value>
                <![CDATA[[Ljava.lang.Object;@77be656f]]>
              </value>
            </param>
          </params>
          <reporter-output>
          </reporter-output>
        </test-method> <!-- bm -->
        <test-method status="PASS" signature="test(java.lang.String, java.lang.String, java.lang.String)[pri:0, instance:core.XSDValidationTest@7c0e2abd]" test-instance-name="BAT-01.06 (XSD Validation Type # 3)" name="test" duration-ms="869" started-at="2017-11-16T21:57:25Z" data-provider="dp" finished-at="2017-11-16T21:57:25Z">
          <params>
            <param index="0">
              <value>
                <![CDATA[BAT-01.01 (XSD Validation Type # 1)]]>
              </value>
            </param>
            <param index="1">
              <value>
                <![CDATA[test_data/xsd/bat/bat_t1.xsd]]>
              </value>
            </param>
            <param index="2">
              <value>
                <![CDATA[http://alex.academy/xml/bat.xml]]>
              </value>
            </param>
          </params>
          <reporter-output>
          </reporter-output>
        </test-method> <!-- test -->
        <test-method status="PASS" signature="bm(java.lang.reflect.Method, [Ljava.lang.Object;)[pri:0, instance:core.XSDValidationTest@7c0e2abd]" test-instance-name="BAT-01.06 (XSD Validation Type # 3)" name="bm" is-config="true" duration-ms="0" started-at="2017-11-16T21:57:25Z" finished-at="2017-11-16T21:57:25Z">
          <params>
            <param index="0">
              <value>
                <![CDATA[public void core.XSDValidationTest.test(java.lang.String,java.lang.String,java.lang.String) throws org.xml.sax.SAXException,java.io.IOException]]>
              </value>
            </param>
            <param index="1">
              <value>
                <![CDATA[[Ljava.lang.Object;@19dc67c2]]>
              </value>
            </param>
          </params>
          <reporter-output>
          </reporter-output>
        </test-method> <!-- bm -->
        <test-method status="PASS" signature="test(java.lang.String, java.lang.String, java.lang.String)[pri:0, instance:core.XSDValidationTest@7c0e2abd]" test-instance-name="BAT-01.06 (XSD Validation Type # 3)" name="test" duration-ms="194" started-at="2017-11-16T21:57:25Z" data-provider="dp" finished-at="2017-11-16T21:57:26Z">
          <params>
            <param index="0">
              <value>
                <![CDATA[BAT-01.02 (XSD Validation Type # 2)]]>
              </value>
            </param>
            <param index="1">
              <value>
                <![CDATA[test_data/xsd/bat/bat_t2.xsd]]>
              </value>
            </param>
            <param index="2">
              <value>
                <![CDATA[http://alex.academy/xml/bat.xml]]>
              </value>
            </param>
          </params>
          <reporter-output>
          </reporter-output>
        </test-method> <!-- test -->
        <test-method status="PASS" signature="bm(java.lang.reflect.Method, [Ljava.lang.Object;)[pri:0, instance:core.XSDValidationTest@7c0e2abd]" test-instance-name="BAT-01.06 (XSD Validation Type # 3)" name="bm" is-config="true" duration-ms="0" started-at="2017-11-16T21:57:26Z" finished-at="2017-11-16T21:57:26Z">
          <params>
            <param index="0">
              <value>
                <![CDATA[public void core.XSDValidationTest.test(java.lang.String,java.lang.String,java.lang.String) throws org.xml.sax.SAXException,java.io.IOException]]>
              </value>
            </param>
            <param index="1">
              <value>
                <![CDATA[[Ljava.lang.Object;@221af3c0]]>
              </value>
            </param>
          </params>
          <reporter-output>
          </reporter-output>
        </test-method> <!-- bm -->
        <test-method status="PASS" signature="test(java.lang.String, java.lang.String, java.lang.String)[pri:0, instance:core.XSDValidationTest@7c0e2abd]" test-instance-name="BAT-01.06 (XSD Validation Type # 3)" name="test" duration-ms="182" started-at="2017-11-16T21:57:26Z" data-provider="dp" finished-at="2017-11-16T21:57:26Z">
          <params>
            <param index="0">
              <value>
                <![CDATA[BAT-01.03 (XSD Validation Type # 3)]]>
              </value>
            </param>
            <param index="1">
              <value>
                <![CDATA[test_data/xsd/bat/bat_t3.xsd]]>
              </value>
            </param>
            <param index="2">
              <value>
                <![CDATA[http://alex.academy/xml/bat.xml]]>
              </value>
            </param>
          </params>
          <reporter-output>
          </reporter-output>
        </test-method> <!-- test -->
        <test-method status="PASS" signature="bm(java.lang.reflect.Method, [Ljava.lang.Object;)[pri:0, instance:core.XSDValidationTest@7c0e2abd]" test-instance-name="BAT-01.06 (XSD Validation Type # 3)" name="bm" is-config="true" duration-ms="1" started-at="2017-11-16T21:57:26Z" finished-at="2017-11-16T21:57:26Z">
          <params>
            <param index="0">
              <value>
                <![CDATA[public void core.XSDValidationTest.test(java.lang.String,java.lang.String,java.lang.String) throws org.xml.sax.SAXException,java.io.IOException]]>
              </value>
            </param>
            <param index="1">
              <value>
                <![CDATA[[Ljava.lang.Object;@62bd765]]>
              </value>
            </param>
          </params>
          <reporter-output>
          </reporter-output>
        </test-method> <!-- bm -->
        <test-method status="PASS" signature="test(java.lang.String, java.lang.String, java.lang.String)[pri:0, instance:core.XSDValidationTest@7c0e2abd]" test-instance-name="BAT-01.06 (XSD Validation Type # 3)" name="test" duration-ms="177" started-at="2017-11-16T21:57:26Z" data-provider="dp" finished-at="2017-11-16T21:57:26Z">
          <params>
            <param index="0">
              <value>
                <![CDATA[BAT-01.04 (XSD Validation Type # 1)]]>
              </value>
            </param>
            <param index="1">
              <value>
                <![CDATA[test_data/xsd/bat/bat_e1.xsd]]>
              </value>
            </param>
            <param index="2">
              <value>
                <![CDATA[http://alex.academy/xml/bat_e1.xml]]>
              </value>
            </param>
          </params>
          <reporter-output>
          </reporter-output>
        </test-method> <!-- test -->
        <test-method status="PASS" signature="bm(java.lang.reflect.Method, [Ljava.lang.Object;)[pri:0, instance:core.XSDValidationTest@7c0e2abd]" test-instance-name="BAT-01.06 (XSD Validation Type # 3)" name="bm" is-config="true" duration-ms="0" started-at="2017-11-16T21:57:26Z" finished-at="2017-11-16T21:57:26Z">
          <params>
            <param index="0">
              <value>
                <![CDATA[public void core.XSDValidationTest.test(java.lang.String,java.lang.String,java.lang.String) throws org.xml.sax.SAXException,java.io.IOException]]>
              </value>
            </param>
            <param index="1">
              <value>
                <![CDATA[[Ljava.lang.Object;@23a5fd2]]>
              </value>
            </param>
          </params>
          <reporter-output>
          </reporter-output>
        </test-method> <!-- bm -->
        <test-method status="FAIL" signature="test(java.lang.String, java.lang.String, java.lang.String)[pri:0, instance:core.XSDValidationTest@7c0e2abd]" test-instance-name="BAT-01.06 (XSD Validation Type # 3)" name="test" duration-ms="191" started-at="2017-11-16T21:57:26Z" data-provider="dp" finished-at="2017-11-16T21:57:26Z">
          <params>
            <param index="0">
              <value>
                <![CDATA[BAT-01.05 (XSD Validation Type # 2)]]>
              </value>
            </param>
            <param index="1">
              <value>
                <![CDATA[test_data/xsd/bat/bat_t2.xsd]]>
              </value>
            </param>
            <param index="2">
              <value>
                <![CDATA[http://alex.academy/xml/bat_e2.xml]]>
              </value>
            </param>
          </params>
          <exception class="org.xml.sax.SAXParseException">
            <message>
              <![CDATA[cvc-datatype-valid.1.2.1: 'seventy' is not a valid value for 'integer'.]]>
            </message>
            <full-stacktrace>
              <![CDATA[org.xml.sax.SAXParseException; lineNumber: 6; columnNumber: 21; cvc-datatype-valid.1.2.1: 'seventy' is not a valid value for 'integer'.
	at com.sun.org.apache.xerces.internal.util.ErrorHandlerWrapper.createSAXParseException(Unknown Source)
	at com.sun.org.apache.xerces.internal.util.ErrorHandlerWrapper.error(Unknown Source)
	at com.sun.org.apache.xerces.internal.impl.XMLErrorReporter.reportError(Unknown Source)
	at com.sun.org.apache.xerces.internal.impl.XMLErrorReporter.reportError(Unknown Source)
	at com.sun.org.apache.xerces.internal.impl.XMLErrorReporter.reportError(Unknown Source)
	at com.sun.org.apache.xerces.internal.impl.xs.XMLSchemaValidator$XSIErrorReporter.reportError(Unknown Source)
	at com.sun.org.apache.xerces.internal.impl.xs.XMLSchemaValidator.reportSchemaError(Unknown Source)
	at com.sun.org.apache.xerces.internal.impl.xs.XMLSchemaValidator.elementLocallyValidType(Unknown Source)
	at com.sun.org.apache.xerces.internal.impl.xs.XMLSchemaValidator.processElementContent(Unknown Source)
	at com.sun.org.apache.xerces.internal.impl.xs.XMLSchemaValidator.handleEndElement(Unknown Source)
	at com.sun.org.apache.xerces.internal.impl.xs.XMLSchemaValidator.endElement(Unknown Source)
	at com.sun.org.apache.xerces.internal.impl.XMLDocumentFragmentScannerImpl.scanEndElement(Unknown Source)
	at com.sun.org.apache.xerces.internal.impl.XMLDocumentFragmentScannerImpl$FragmentContentDriver.next(Unknown Source)
	at com.sun.org.apache.xerces.internal.impl.XMLDocumentScannerImpl.next(Unknown Source)
	at com.sun.org.apache.xerces.internal.impl.XMLNSDocumentScannerImpl.next(Unknown Source)
	at com.sun.org.apache.xerces.internal.impl.XMLDocumentFragmentScannerImpl.scanDocument(Unknown Source)
	at com.sun.org.apache.xerces.internal.parsers.XML11Configuration.parse(Unknown Source)
	at com.sun.org.apache.xerces.internal.parsers.XML11Configuration.parse(Unknown Source)
	at com.sun.org.apache.xerces.internal.jaxp.validation.StreamValidatorHelper.validate(Unknown Source)
	at com.sun.org.apache.xerces.internal.jaxp.validation.ValidatorImpl.validate(Unknown Source)
	at javax.xml.validation.Validator.validate(Unknown Source)
	at core.XSDValidationTest.validateXMLSchema(XSDValidationTest.java:68)
	at core.XSDValidationTest.test(XSDValidationTest.java:58)
	at sun.reflect.NativeMethodAccessorImpl.invoke0(Native Method)
	at sun.reflect.NativeMethodAccessorImpl.invoke(Unknown Source)
	at sun.reflect.DelegatingMethodAccessorImpl.invoke(Unknown Source)
	at java.lang.reflect.Method.invoke(Unknown Source)
	at org.testng.internal.MethodInvocationHelper.invokeMethod(MethodInvocationHelper.java:108)
	at org.testng.internal.Invoker.invokeMethod(Invoker.java:661)
	at org.testng.internal.Invoker.invokeTestMethod(Invoker.java:869)
	at org.testng.internal.Invoker.invokeTestMethods(Invoker.java:1193)
	at org.testng.internal.TestMethodWorker.invokeTestMethods(TestMethodWorker.java:126)
	at org.testng.internal.TestMethodWorker.run(TestMethodWorker.java:109)
	at org.testng.TestRunner.privateRun(TestRunner.java:744)
	at org.testng.TestRunner.run(TestRunner.java:602)
	at org.testng.SuiteRunner.runTest(SuiteRunner.java:380)
	at org.testng.SuiteRunner.runSequentially(SuiteRunner.java:375)
	at org.testng.SuiteRunner.privateRun(SuiteRunner.java:340)
	at org.testng.SuiteRunner.run(SuiteRunner.java:289)
	at org.testng.SuiteRunnerWorker.runSuite(SuiteRunnerWorker.java:52)
	at org.testng.SuiteRunnerWorker.run(SuiteRunnerWorker.java:86)
	at org.testng.TestNG.runSuitesSequentially(TestNG.java:1301)
	at org.testng.TestNG.runSuitesLocally(TestNG.java:1226)
	at org.testng.TestNG.runSuites(TestNG.java:1144)
	at org.testng.TestNG.run(TestNG.java:1115)
	at org.testng.remote.AbstractRemoteTestNG.run(AbstractRemoteTestNG.java:114)
	at org.testng.remote.RemoteTestNG.initAndRun(RemoteTestNG.java:251)
	at org.testng.remote.RemoteTestNG.main(RemoteTestNG.java:77)
]]>
            </full-stacktrace>
          </exception> <!-- org.xml.sax.SAXParseException -->
          <reporter-output>
          </reporter-output>
        </test-method> <!-- test -->
        <test-method status="PASS" signature="bm(java.lang.reflect.Method, [Ljava.lang.Object;)[pri:0, instance:core.XSDValidationTest@7c0e2abd]" test-instance-name="BAT-01.06 (XSD Validation Type # 3)" name="bm" is-config="true" duration-ms="1" started-at="2017-11-16T21:57:26Z" finished-at="2017-11-16T21:57:26Z">
          <params>
            <param index="0">
              <value>
                <![CDATA[public void core.XSDValidationTest.test(java.lang.String,java.lang.String,java.lang.String) throws org.xml.sax.SAXException,java.io.IOException]]>
              </value>
            </param>
            <param index="1">
              <value>
                <![CDATA[[Ljava.lang.Object;@551bdc27]]>
              </value>
            </param>
          </params>
          <reporter-output>
          </reporter-output>
        </test-method> <!-- bm -->
        <test-method status="FAIL" signature="test(java.lang.String, java.lang.String, java.lang.String)[pri:0, instance:core.XSDValidationTest@7c0e2abd]" test-instance-name="BAT-01.06 (XSD Validation Type # 3)" name="test" duration-ms="180" started-at="2017-11-16T21:57:26Z" data-provider="dp" finished-at="2017-11-16T21:57:26Z">
          <params>
            <param index="0">
              <value>
                <![CDATA[BAT-01.06 (XSD Validation Type # 3)]]>
              </value>
            </param>
            <param index="1">
              <value>
                <![CDATA[test_data/xsd/bat/bat_t3.xsd]]>
              </value>
            </param>
            <param index="2">
              <value>
                <![CDATA[http://alex.academy/xml/bat_e3.xml]]>
              </value>
            </param>
          </params>
          <exception class="org.xml.sax.SAXParseException">
            <message>
              <![CDATA[cvc-pattern-valid: Value 'Leonid Pasternak' is not facet-valid with respect to pattern 'Boris Pasternak' for type '#AnonType_namepoetlist'.]]>
            </message>
            <full-stacktrace>
              <![CDATA[org.xml.sax.SAXParseException; lineNumber: 4; columnNumber: 32; cvc-pattern-valid: Value 'Leonid Pasternak' is not facet-valid with respect to pattern 'Boris Pasternak' for type '#AnonType_namepoetlist'.
	at com.sun.org.apache.xerces.internal.util.ErrorHandlerWrapper.createSAXParseException(Unknown Source)
	at com.sun.org.apache.xerces.internal.util.ErrorHandlerWrapper.error(Unknown Source)
	at com.sun.org.apache.xerces.internal.impl.XMLErrorReporter.reportError(Unknown Source)
	at com.sun.org.apache.xerces.internal.impl.XMLErrorReporter.reportError(Unknown Source)
	at com.sun.org.apache.xerces.internal.impl.XMLErrorReporter.reportError(Unknown Source)
	at com.sun.org.apache.xerces.internal.impl.xs.XMLSchemaValidator$XSIErrorReporter.reportError(Unknown Source)
	at com.sun.org.apache.xerces.internal.impl.xs.XMLSchemaValidator.reportSchemaError(Unknown Source)
	at com.sun.org.apache.xerces.internal.impl.xs.XMLSchemaValidator.elementLocallyValidType(Unknown Source)
	at com.sun.org.apache.xerces.internal.impl.xs.XMLSchemaValidator.processElementContent(Unknown Source)
	at com.sun.org.apache.xerces.internal.impl.xs.XMLSchemaValidator.handleEndElement(Unknown Source)
	at com.sun.org.apache.xerces.internal.impl.xs.XMLSchemaValidator.endElement(Unknown Source)
	at com.sun.org.apache.xerces.internal.impl.XMLDocumentFragmentScannerImpl.scanEndElement(Unknown Source)
	at com.sun.org.apache.xerces.internal.impl.XMLDocumentFragmentScannerImpl$FragmentContentDriver.next(Unknown Source)
	at com.sun.org.apache.xerces.internal.impl.XMLDocumentScannerImpl.next(Unknown Source)
	at com.sun.org.apache.xerces.internal.impl.XMLNSDocumentScannerImpl.next(Unknown Source)
	at com.sun.org.apache.xerces.internal.impl.XMLDocumentFragmentScannerImpl.scanDocument(Unknown Source)
	at com.sun.org.apache.xerces.internal.parsers.XML11Configuration.parse(Unknown Source)
	at com.sun.org.apache.xerces.internal.parsers.XML11Configuration.parse(Unknown Source)
	at com.sun.org.apache.xerces.internal.jaxp.validation.StreamValidatorHelper.validate(Unknown Source)
	at com.sun.org.apache.xerces.internal.jaxp.validation.ValidatorImpl.validate(Unknown Source)
	at javax.xml.validation.Validator.validate(Unknown Source)
	at core.XSDValidationTest.validateXMLSchema(XSDValidationTest.java:68)
	at core.XSDValidationTest.test(XSDValidationTest.java:58)
	at sun.reflect.NativeMethodAccessorImpl.invoke0(Native Method)
	at sun.reflect.NativeMethodAccessorImpl.invoke(Unknown Source)
	at sun.reflect.DelegatingMethodAccessorImpl.invoke(Unknown Source)
	at java.lang.reflect.Method.invoke(Unknown Source)
	at org.testng.internal.MethodInvocationHelper.invokeMethod(MethodInvocationHelper.java:108)
	at org.testng.internal.Invoker.invokeMethod(Invoker.java:661)
	at org.testng.internal.Invoker.invokeTestMethod(Invoker.java:869)
	at org.testng.internal.Invoker.invokeTestMethods(Invoker.java:1193)
	at org.testng.internal.TestMethodWorker.invokeTestMethods(TestMethodWorker.java:126)
	at org.testng.internal.TestMethodWorker.run(TestMethodWorker.java:109)
	at org.testng.TestRunner.privateRun(TestRunner.java:744)
	at org.testng.TestRunner.run(TestRunner.java:602)
	at org.testng.SuiteRunner.runTest(SuiteRunner.java:380)
	at org.testng.SuiteRunner.runSequentially(SuiteRunner.java:375)
	at org.testng.SuiteRunner.privateRun(SuiteRunner.java:340)
	at org.testng.SuiteRunner.run(SuiteRunner.java:289)
	at org.testng.SuiteRunnerWorker.runSuite(SuiteRunnerWorker.java:52)
	at org.testng.SuiteRunnerWorker.run(SuiteRunnerWorker.java:86)
	at org.testng.TestNG.runSuitesSequentially(TestNG.java:1301)
	at org.testng.TestNG.runSuitesLocally(TestNG.java:1226)
	at org.testng.TestNG.runSuites(TestNG.java:1144)
	at org.testng.TestNG.run(TestNG.java:1115)
	at org.testng.remote.AbstractRemoteTestNG.run(AbstractRemoteTestNG.java:114)
	at org.testng.remote.RemoteTestNG.initAndRun(RemoteTestNG.java:251)
	at org.testng.remote.RemoteTestNG.main(RemoteTestNG.java:77)
]]>
            </full-stacktrace>
          </exception> <!-- org.xml.sax.SAXParseException -->
          <reporter-output>
          </reporter-output>
        </test-method> <!-- test -->
      </class> <!-- core.XSDValidationTest -->
    </test> <!-- Default test -->
  </suite> <!-- Default suite -->
</testng-results>
